#
# There is insufficient memory for the Java Runtime Environment to continue.
# Native memory allocation (mmap) failed to map 134217728 bytes for Failed to commit area from 0x0000000081e00000 to 0x0000000089e00000 of length 134217728.
# Possible reasons:
#   The system is out of physical RAM or swap space
#   The process is running with CompressedOops enabled, and the Java Heap may be blocking the growth of the native heap
# Possible solutions:
#   Reduce memory load on the system
#   Increase physical memory or swap space
#   Check if swap backing store is full
#   Decrease Java heap size (-Xmx/-Xms)
#   Decrease number of Java threads
#   Decrease Java thread stack sizes (-Xss)
#   Set larger code cache with -XX:ReservedCodeCacheSize=
# This output file may be truncated or incomplete.
#
#  Out of Memory Error (./src/hotspot/os/windows/os_windows.cpp:3301), pid=35776, tid=8616
#
# JRE version:  (11.0.10+8) (build )
# Java VM: OpenJDK 64-Bit Server VM (11.0.10+8-b1145.96, mixed mode, sharing, tiered, compressed oops, g1 gc, windows-amd64)
# No core dump will be written. Minidumps are not enabled by default on client versions of Windows
#

---------------  S U M M A R Y ------------

Command Line: org.jetbrains.git4idea.http.GitAskPassApp Username for 'https://github.com': 

Host: Intel(R) Core(TM) i5-8250U CPU @ 1.60GHz, 8 cores, 7G,  Windows 10 , 64 bit Build 19041 (10.0.19041.928)
Time: Wed Jun  2 19:08:58 2021 台北標準時間 elapsed time: 0.075112 seconds (0d 0h 0m 0s)

---------------  T H R E A D  ---------------

Current thread (0x000001af68b1d800):  JavaThread "Unknown thread" [_thread_in_vm, id=8616, stack(0x0000001742a00000,0x0000001742b00000)]

Stack: [0x0000001742a00000,0x0000001742b00000]
Native frames: (J=compiled Java code, j=interpreted, Vv=VM code, C=native code)
V  [jvm.dll+0x5ece6a]
V  [jvm.dll+0x722cd5]
V  [jvm.dll+0x72422d]
V  [jvm.dll+0x7248e3]
V  [jvm.dll+0x2428d8]
V  [jvm.dll+0x5ea244]
V  [jvm.dll+0x5df2e5]
V  [jvm.dll+0x2fdddb]
V  [jvm.dll+0x2fdd4a]
V  [jvm.dll+0x2fdc22]
V  [jvm.dll+0x302b06]
V  [jvm.dll+0x34b033]
V  [jvm.dll+0x34b736]
V  [jvm.dll+0x34b133]
V  [jvm.dll+0x2d87d8]
V  [jvm.dll+0x2d9987]
V  [jvm.dll+0x701817]
V  [jvm.dll+0x70300c]
V  [jvm.dll+0x3585a9]
V  [jvm.dll+0x6e516e]
V  [jvm.dll+0x3c09e3]
V  [jvm.dll+0x3c2c71]
C  [jli.dll+0x5373]
C  [ucrtbase.dll+0x21bb2]
C  [KERNEL32.DLL+0x17034]
C  [ntdll.dll+0x52651]


---------------  P R O C E S S  ---------------

Threads class SMR info:
_java_thread_list=0x000001af66972fe0, length=0, elements={
}

Java Threads: ( => current thread )

Other Threads:
  0x000001af68b32800 GCTaskThread "GC Thread#0" [stack: 0x0000001742b00000,0x0000001742c00000] [id=27004]
  0x000001af68b66000 ConcurrentGCThread "G1 Main Marker" [stack: 0x0000001742c00000,0x0000001742d00000] [id=4048]
  0x000001af68b68800 ConcurrentGCThread "G1 Conc#0" [stack: 0x0000001742d00000,0x0000001742e00000] [id=35124]

[error occurred during error reporting (printing all threads), id 0xc0000005, EXCEPTION_ACCESS_VIOLATION (0xc0000005) at pc=0x00007ffcfc1d8db7]

VM state:not at safepoint (not fully initialized)

VM Mutex/Monitor currently owned by a thread:  ([mutex/lock_event])
[0x000001af68b1b520] Heap_lock - owner thread: 0x000001af68b1d800

Heap address: 0x0000000081e00000, size: 2018 MB, Compressed Oops mode: Non-zero based: 0x0000000081e00000
Narrow klass base: 0x0000000000000000, Narrow klass shift: 0

GC Heap History (0 events):
No events

Deoptimization events (0 events):
No events

Classes redefined (0 events):
No events

Internal exceptions (0 events):
No events

Events (1 events):
Event: 0.053 Loaded shared library C:\Program Files\JetBrains\WebStorm 2020.3.3\jbr\bin\zip.dll


Dynamic libraries:
0x00007ff799610000 - 0x00007ff79961a000 	C:\Program Files\JetBrains\WebStorm 2020.3.3\jbr\bin\java.exe
0x00007ffd926f0000 - 0x00007ffd928e5000 	C:\Windows\SYSTEM32\ntdll.dll
0x00007ffd90900000 - 0x00007ffd909bd000 	C:\Windows\System32\KERNEL32.DLL
0x00007ffd8ff00000 - 0x00007ffd901c8000 	C:\Windows\System32\KERNELBASE.dll
0x00007ffd904c0000 - 0x00007ffd905c0000 	C:\Windows\System32\ucrtbase.dll
0x00007ffd88280000 - 0x00007ffd88297000 	C:\Program Files\JetBrains\WebStorm 2020.3.3\jbr\bin\VCRUNTIME140.dll
0x00007ffd88260000 - 0x00007ffd88279000 	C:\Program Files\JetBrains\WebStorm 2020.3.3\jbr\bin\jli.dll
0x00007ffd91730000 - 0x00007ffd918d0000 	C:\Windows\System32\USER32.dll
0x00007ffd905c0000 - 0x00007ffd905e2000 	C:\Windows\System32\win32u.dll
0x00007ffd7f290000 - 0x00007ffd7f52a000 	C:\Windows\WinSxS\amd64_microsoft.windows.common-controls_6595b64144ccf1df_6.0.19041.844_none_ca00b6081b84eb1d\COMCTL32.dll
0x00007ffd90810000 - 0x00007ffd9083a000 	C:\Windows\System32\GDI32.dll
0x00007ffd901d0000 - 0x00007ffd902db000 	C:\Windows\System32\gdi32full.dll
0x00007ffd8fe30000 - 0x00007ffd8fecd000 	C:\Windows\System32\msvcp_win.dll
0x00007ffd91da0000 - 0x00007ffd91e3e000 	C:\Windows\System32\msvcrt.dll
0x00007ffd90840000 - 0x00007ffd90870000 	C:\Windows\System32\IMM32.DLL
0x00007ffd50540000 - 0x00007ffd505dd000 	C:\Program Files\JetBrains\WebStorm 2020.3.3\jbr\bin\msvcp140.dll
0x00007ffcfbef0000 - 0x00007ffcfc9c0000 	C:\Program Files\JetBrains\WebStorm 2020.3.3\jbr\bin\server\jvm.dll
0x00007ffd91110000 - 0x00007ffd911bc000 	C:\Windows\System32\ADVAPI32.dll
0x00007ffd91420000 - 0x00007ffd914bb000 	C:\Windows\System32\sechost.dll
0x00007ffd91240000 - 0x00007ffd9136b000 	C:\Windows\System32\RPCRT4.dll
0x00007ffd926a0000 - 0x00007ffd926a8000 	C:\Windows\System32\PSAPI.DLL
0x00007ffd89370000 - 0x00007ffd8937a000 	C:\Windows\SYSTEM32\VERSION.dll
0x00007ffd81260000 - 0x00007ffd81287000 	C:\Windows\SYSTEM32\WINMM.dll
0x00007ffd65740000 - 0x00007ffd65749000 	C:\Windows\SYSTEM32\WSOCK32.dll
0x00007ffd92630000 - 0x00007ffd9269b000 	C:\Windows\System32\ws2_32.DLL
0x00007ffd8e710000 - 0x00007ffd8e722000 	C:\Windows\SYSTEM32\kernel.appcore.dll
0x00007ffd61b80000 - 0x00007ffd61b91000 	C:\Program Files\JetBrains\WebStorm 2020.3.3\jbr\bin\verify.dll
0x00007ffd7b9c0000 - 0x00007ffd7bba4000 	C:\Windows\SYSTEM32\DBGHELP.DLL
0x00007ffd7a2c0000 - 0x00007ffd7a2ec000 	C:\Windows\SYSTEM32\dbgcore.DLL
0x00007ffd902e0000 - 0x00007ffd90360000 	C:\Windows\System32\bcryptPrimitives.dll
0x00007ffd52a70000 - 0x00007ffd52a99000 	C:\Program Files\JetBrains\WebStorm 2020.3.3\jbr\bin\java.dll
0x00007ffd67a00000 - 0x00007ffd67a0b000 	C:\Program Files\JetBrains\WebStorm 2020.3.3\jbr\bin\jimage.dll
0x00007ffd613a0000 - 0x00007ffd613b8000 	C:\Program Files\JetBrains\WebStorm 2020.3.3\jbr\bin\zip.dll

dbghelp: loaded successfully - version: 4.0.5 - missing functions: none
symbol engine: initialized successfully - sym options: 0x614 - pdb path: .;C:\Program Files\JetBrains\WebStorm 2020.3.3\jbr\bin;C:\Windows\SYSTEM32;C:\Windows\WinSxS\amd64_microsoft.windows.common-controls_6595b64144ccf1df_6.0.19041.844_none_ca00b6081b84eb1d;C:\Program Files\JetBrains\WebStorm 2020.3.3\jbr\bin\server

VM Arguments:
java_command: org.jetbrains.git4idea.http.GitAskPassApp Username for 'https://github.com': 
java_class_path (initial): C:/Program Files/JetBrains/WebStorm 2020.3.3/plugins/git4idea/lib/git4idea-rt.jar;C:/Program Files/JetBrains/WebStorm 2020.3.3/lib/xmlrpc-2.0.1.jar;C:/Program Files/JetBrains/WebStorm 2020.3.3/lib/commons-codec-1.14.jar
Launcher Type: SUN_STANDARD

[Global flags]
     intx CICompilerCount                          = 4                                         {product} {ergonomic}
     uint ConcGCThreads                            = 2                                         {product} {ergonomic}
     uint G1ConcRefinementThreads                  = 8                                         {product} {ergonomic}
   size_t G1HeapRegionSize                         = 1048576                                   {product} {ergonomic}
    uintx GCDrainStackTargetSize                   = 64                                        {product} {ergonomic}
   size_t InitialHeapSize                          = 134217728                                 {product} {ergonomic}
   size_t MarkStackSize                            = 4194304                                   {product} {ergonomic}
   size_t MaxHeapSize                              = 2116026368                                {product} {ergonomic}
   size_t MinHeapDeltaBytes                        = 1048576                                   {product} {ergonomic}
    uintx NonNMethodCodeHeapSize                   = 5836300                                {pd product} {ergonomic}
    uintx NonProfiledCodeHeapSize                  = 122910970                              {pd product} {ergonomic}
    uintx ProfiledCodeHeapSize                     = 122910970                              {pd product} {ergonomic}
    uintx ReservedCodeCacheSize                    = 251658240                              {pd product} {ergonomic}
     bool SegmentedCodeCache                       = true                                      {product} {ergonomic}
     bool UseCompressedClassPointers               = true                                 {lp64_product} {ergonomic}
     bool UseCompressedOops                        = true                                 {lp64_product} {ergonomic}
     bool UseG1GC                                  = true                                      {product} {ergonomic}
     bool UseLargePagesIndividualAllocation        = false                                  {pd product} {ergonomic}

Logging:
Log output configuration:
 #0: stdout all=warning uptime,level,tags
 #1: stderr all=off uptime,level,tags

Environment Variables:
PATH=C:\Program Files\Git\mingw64\libexec\git-core;C:\Program Files\Git\mingw64\libexec\git-core;C:\Program Files\Git\mingw64\bin;C:\Program Files\Git\usr\bin;C:\Users\User\bin;C:\Perl64\site\bin;C:\Perl64\bin;C:\Program Files\Common Files\Oracle\Java\javapath;C:\Program Files (x86)\Common Files\Oracle\Java\javapath;C:\Program Files (x86)\VMware\VMware Workstation\bin;C:\Windows\system32;C:\Windows;C:\Windows\System32\Wbem;C:\Windows\System32\WindowsPowerShell\v1.0;C:\Windows\System32\OpenSSH;C:\Program Files\NVIDIA Corporation\NVIDIA NvDLISR;C:\Program Files\PowerShell\7;C:\Program Files\PuTTY;C:\xampp\php;C:\ProgramData\ComposerSetup\bin;C:\Program Files\Git\cmd;C:\Program Files\nodejs;C:\ProgramData\chocolatey\bin;C:\Program Files (x86)\NVIDIA Corporation\PhysX\Common;C:\Program Files (x86)\Microchip\MPLAB C32 Suite\bin;C:\Users\User\AppData\Local\Programs\Python\Python39;C:\Users\User\AppData\Local\Programs\Python\Python39\Scripts;C:\Program Files\dotnet;C:\Program Files\Docker\Docker\resources\bin;C:\ProgramData\DockerDesktop\version-bin;C:\Users\User\AppData\Local\Microsoft\WindowsApps;C:\Modeltech_pe_edu_10.4a\win32pe_edu;C:\Program Files (x86)\mingw-w64\i686-8.1.0-posix-dwarf-rt_v6-rev0\mingw32\bin;C:\Users\User\AppData\Roaming\Composer\vendor\bin;C:\Users\User\AppData\Local\GitHubDesktop\bin;C:\altera\13.1\modelsim_ase\win32aloem;C:\Program Files\heroku\bin;C:\Users\User\AppData\Roaming\npm;C:\Users\User\AppData\Local\Programs\Python\Python39\Scripts;C:\Users\User\AppData\Local\Programs\Python\Python39;C:\Users\User\.dotnet\tools;C:\Users\User\AppData\Local\Programs\Microsoft VS Code\bin
USERNAME=User
DISPLAY=:0.0
LC_ALL=en_US.UTF-8
OS=Windows_NT
PROCESSOR_IDENTIFIER=Intel64 Family 6 Model 142 Stepping 10, GenuineIntel



---------------  S Y S T E M  ---------------

OS: Windows 10 , 64 bit Build 19041 (10.0.19041.928)
OS uptime: 0 days 18:09 hours
Hyper-V role detected

CPU:total 8 (initial active 8) (4 cores per cpu, 2 threads per core) family 6 model 142 stepping 10 microcode 0xe0, cmov, cx8, fxsr, mmx, sse, sse2, sse3, ssse3, sse4.1, sse4.2, popcnt, avx, avx2, aes, clmul, erms, 3dnowpref, lzcnt, ht, tsc, tscinvbit, bmi1, bmi2, adx, fma

Memory: 4k page, system-wide physical 8069M (141M free)
TotalPageFile size 32645M (AvailPageFile size 108M)
current process WorkingSet (physical memory assigned to process): 10M, peak: 10M
current process commit charge ("private bytes"): 60M, peak: 187M

vm_info: OpenJDK 64-Bit Server VM (11.0.10+8-b1145.96) for windows-amd64 JRE (11.0.10+8-b1145.96), built on Feb 18 2021 01:38:16 by "" with MS VC++ 14.0 (VS2015)

END.
